<?xml version="1.0" encoding="UTF-8"?>
<!-- Generated by org.testng.reporters.JUnitXMLReporter -->
<testsuite ignored="0" hostname="LAPTOP-3SKO16U0" failures="1" tests="1" name="Test" time="9.333" errors="0" timestamp="2022-03-16T17:11:24 IST">
  <testcase classname="wrappers.ProjectSpecificWrappers" name="@AfterMethod afterMethod" time="0.35">
    <failure type="java.lang.StackOverflowError">
      <![CDATA[java.lang.StackOverflowError
at java.base/java.util.Formatter$FormatSpecifier.print(Formatter.java:3083)
at java.base/java.util.Formatter$FormatSpecifier.printString(Formatter.java:3056)
at java.base/java.util.Formatter$FormatSpecifier.print(Formatter.java:2933)
at java.base/java.util.Formatter.format(Formatter.java:2689)
at java.base/java.util.Formatter.format(Formatter.java:2625)
at java.base/java.lang.String.format(String.java:4140)
at org.openqa.selenium.remote.RemoteWebDriver.execute(RemoteWebDriver.java:598)
at org.openqa.selenium.remote.RemoteWebDriver.execute(RemoteWebDriver.java:658)
at org.openqa.selenium.remote.RemoteWebDriver.getScreenshotAs(RemoteWebDriver.java:340)
at wrappers.GenericWrappers.takeSnap(GenericWrappers.java:544)
at utils.Reporter.reportStep(Reporter.java:19)
at wrappers.GenericWrappers.takeSnap(GenericWrappers.java:547)
at utils.Reporter.reportStep(Reporter.java:19)
at wrappers.GenericWrappers.takeSnap(GenericWrappers.java:547)
at utils.Reporter.reportStep(Reporter.java:19)
at wrappers.GenericWrappers.takeSnap(GenericWrappers.java:547)
at utils.Reporter.reportStep(Reporter.java:19)
at wrappers.GenericWrappers.takeSnap(GenericWrappers.java:547)
at utils.Reporter.reportStep(Reporter.java:19)
at wrappers.GenericWrappers.takeSnap(GenericWrappers.java:547)
at utils.Reporter.reportStep(Reporter.java:19)
at wrappers.GenericWrappers.takeSnap(GenericWrappers.java:547)
at utils.Reporter.reportStep(Reporter.java:19)
at wrappers.GenericWrappers.takeSnap(GenericWrappers.java:547)
at utils.Reporter.reportStep(Reporter.java:19)
at wrappers.GenericWrappers.takeSnap(GenericWrappers.java:547)
at utils.Reporter.reportStep(Reporter.java:19)
at wrappers.GenericWrappers.takeSnap(GenericWrappers.java:547)
at utils.Reporter.reportStep(Reporter.java:19)
at wrappers.GenericWrappers.takeSnap(GenericWrappers.java:547)
at utils.Reporter.reportStep(Reporter.java:19)
at wrappers.GenericWrappers.takeSnap(GenericWrappers.java:547)
at utils.Reporter.reportStep(Reporter.java:19)
at wrappers.GenericWrappers.takeSnap(GenericWrappers.java:547)
at utils.Reporter.reportStep(Reporter.java:19)
at wrappers.GenericWrappers.takeSnap(GenericWrappers.java:547)
at utils.Reporter.reportStep(Reporter.java:19)
at wrappers.GenericWrappers.takeSnap(GenericWrappers.java:547)
at utils.Reporter.reportStep(Reporter.java:19)
at wrappers.GenericWrappers.takeSnap(GenericWrappers.java:547)
at utils.Reporter.reportStep(Reporter.java:19)
at wrappers.GenericWrappers.takeSnap(GenericWrappers.java:547)
at utils.Reporter.reportStep(Reporter.java:19)
at wrappers.GenericWrappers.takeSnap(GenericWrappers.java:547)
at utils.Reporter.reportStep(Reporter.java:19)
at wrappers.GenericWrappers.takeSnap(GenericWrappers.java:547)
at utils.Reporter.reportStep(Reporter.java:19)
at wrappers.GenericWrappers.takeSnap(GenericWrappers.java:547)
at utils.Reporter.reportStep(Reporter.java:19)
at wrappers.GenericWrappers.takeSnap(GenericWrappers.java:547)
at utils.Reporter.reportStep(Reporter.java:19)
at wrappers.GenericWrappers.takeSnap(GenericWrappers.java:547)
at utils.Reporter.reportStep(Reporter.java:19)
at wrappers.GenericWrappers.takeSnap(GenericWrappers.java:547)
at utils.Reporter.reportStep(Reporter.java:19)
at wrappers.GenericWrappers.takeSnap(GenericWrappers.java:547)
at utils.Reporter.reportStep(Reporter.java:19)
at wrappers.GenericWrappers.takeSnap(GenericWrappers.java:547)
at utils.Reporter.reportStep(Reporter.java:19)
at wrappers.GenericWrappers.takeSnap(GenericWrappers.java:547)
at utils.Reporter.reportStep(Reporter.java:19)
at wrappers.GenericWrappers.takeSnap(GenericWrappers.java:547)
at utils.Reporter.reportStep(Reporter.java:19)
at wrappers.GenericWrappers.takeSnap(GenericWrappers.java:547)
at utils.Reporter.reportStep(Reporter.java:19)
at wrappers.GenericWrappers.takeSnap(GenericWrappers.java:547)
at utils.Reporter.reportStep(Reporter.java:19)
at wrappers.GenericWrappers.takeSnap(GenericWrappers.java:547)
at utils.Reporter.reportStep(Reporter.java:19)
at wrappers.GenericWrappers.takeSnap(GenericWrappers.java:547)
at utils.Reporter.reportStep(Reporter.java:19)
at wrappers.GenericWrappers.takeSnap(GenericWrappers.java:547)
at utils.Reporter.reportStep(Reporter.java:19)
at wrappers.GenericWrappers.takeSnap(GenericWrappers.java:547)
at utils.Reporter.reportStep(Reporter.java:19)
at wrappers.GenericWrappers.takeSnap(GenericWrappers.java:547)
at utils.Reporter.reportStep(Reporter.java:19)
at wrappers.GenericWrappers.takeSnap(GenericWrappers.java:547)
at utils.Reporter.reportStep(Reporter.java:19)
at wrappers.GenericWrappers.takeSnap(GenericWrappers.java:547)
at utils.Reporter.reportStep(Reporter.java:19)
at wrappers.GenericWrappers.takeSnap(GenericWrappers.java:547)
at utils.Reporter.reportStep(Reporter.java:19)
at wrappers.GenericWrappers.takeSnap(GenericWrappers.java:547)
at utils.Reporter.reportStep(Reporter.java:19)
at wrappers.GenericWrappers.takeSnap(GenericWrappers.java:547)
at utils.Reporter.reportStep(Reporter.java:19)
at wrappers.GenericWrappers.takeSnap(GenericWrappers.java:547)
at utils.Reporter.reportStep(Reporter.java:19)
at wrappers.GenericWrappers.takeSnap(GenericWrappers.java:547)
at utils.Reporter.reportStep(Reporter.java:19)
at wrappers.GenericWrappers.takeSnap(GenericWrappers.java:547)
at utils.Reporter.reportStep(Reporter.java:19)
at wrappers.GenericWrappers.takeSnap(GenericWrappers.java:547)
at utils.Reporter.reportStep(Reporter.java:19)
at wrappers.GenericWrappers.takeSnap(GenericWrappers.java:547)
at utils.Reporter.reportStep(Reporter.java:19)
at wrappers.GenericWrappers.takeSnap(GenericWrappers.java:547)
at utils.Reporter.reportStep(Reporter.java:19)
at wrappers.GenericWrappers.takeSnap(GenericWrappers.java:547)
at utils.Reporter.reportStep(Reporter.java:19)
at wrappers.GenericWrappers.takeSnap(GenericWrappers.java:547)
at utils.Reporter.reportStep(Reporter.java:19)
at wrappers.GenericWrappers.takeSnap(GenericWrappers.java:547)
at utils.Reporter.reportStep(Reporter.java:19)
at wrappers.GenericWrappers.takeSnap(GenericWrappers.java:547)
at utils.Reporter.reportStep(Reporter.java:19)
at wrappers.GenericWrappers.takeSnap(GenericWrappers.java:547)
at utils.Reporter.reportStep(Reporter.java:19)
at wrappers.GenericWrappers.takeSnap(GenericWrappers.java:547)
at utils.Reporter.reportStep(Reporter.java:19)
at wrappers.GenericWrappers.takeSnap(GenericWrappers.java:547)
at utils.Reporter.reportStep(Reporter.java:19)
at wrappers.GenericWrappers.takeSnap(GenericWrappers.java:547)
at utils.Reporter.reportStep(Reporter.java:19)
at wrappers.GenericWrappers.takeSnap(GenericWrappers.java:547)
at utils.Reporter.reportStep(Reporter.java:19)
at wrappers.GenericWrappers.takeSnap(GenericWrappers.java:547)
at utils.Reporter.reportStep(Reporter.java:19)
at wrappers.GenericWrappers.takeSnap(GenericWrappers.java:547)
at utils.Reporter.reportStep(Reporter.java:19)
at wrappers.GenericWrappers.takeSnap(GenericWrappers.java:547)
at utils.Reporter.reportStep(Reporter.java:19)
at wrappers.GenericWrappers.takeSnap(GenericWrappers.java:547)
at utils.Reporter.reportStep(Reporter.java:19)
at wrappers.GenericWrappers.takeSnap(GenericWrappers.java:547)
at utils.Reporter.reportStep(Reporter.java:19)
at wrappers.GenericWrappers.takeSnap(GenericWrappers.java:547)
at utils.Reporter.reportStep(Reporter.java:19)
at wrappers.GenericWrappers.takeSnap(GenericWrappers.java:547)
at utils.Reporter.reportStep(Reporter.java:19)
at wrappers.GenericWrappers.takeSnap(GenericWrappers.java:547)
at utils.Reporter.reportStep(Reporter.java:19)
at wrappers.GenericWrappers.takeSnap(GenericWrappers.java:547)
at utils.Reporter.reportStep(Reporter.java:19)
at wrappers.GenericWrappers.takeSnap(GenericWrappers.java:547)
at utils.Reporter.reportStep(Reporter.java:19)
at wrappers.GenericWrappers.takeSnap(GenericWrappers.java:547)
at utils.Reporter.reportStep(Reporter.java:19)
at wrappers.GenericWrappers.takeSnap(GenericWrappers.java:547)
at utils.Reporter.reportStep(Reporter.java:19)
at wrappers.GenericWrappers.takeSnap(GenericWrappers.java:547)
at utils.Reporter.reportStep(Reporter.java:19)
at wrappers.GenericWrappers.takeSnap(GenericWrappers.java:547)
at utils.Reporter.reportStep(Reporter.java:19)
at wrappers.GenericWrappers.takeSnap(GenericWrappers.java:547)
at utils.Reporter.reportStep(Reporter.java:19)
at wrappers.GenericWrappers.takeSnap(GenericWrappers.java:547)
at utils.Reporter.reportStep(Reporter.java:19)
at wrappers.GenericWrappers.takeSnap(GenericWrappers.java:547)
at utils.Reporter.reportStep(Reporter.java:19)
at wrappers.GenericWrappers.takeSnap(GenericWrappers.java:547)
at utils.Reporter.reportStep(Reporter.java:19)
at wrappers.GenericWrappers.takeSnap(GenericWrappers.java:547)
at utils.Reporter.reportStep(Reporter.java:19)
at wrappers.GenericWrappers.takeSnap(GenericWrappers.java:547)
at utils.Reporter.reportStep(Reporter.java:19)
at wrappers.GenericWrappers.takeSnap(GenericWrappers.java:547)
at utils.Reporter.reportStep(Reporter.java:19)
at wrappers.GenericWrappers.takeSnap(GenericWrappers.java:547)
at utils.Reporter.reportStep(Reporter.java:19)
at wrappers.GenericWrappers.takeSnap(GenericWrappers.java:547)
at utils.Reporter.reportStep(Reporter.java:19)
at wrappers.GenericWrappers.takeSnap(GenericWrappers.java:547)
at utils.Reporter.reportStep(Reporter.java:19)
at wrappers.GenericWrappers.takeSnap(GenericWrappers.java:547)
at utils.Reporter.reportStep(Reporter.java:19)
at wrappers.GenericWrappers.takeSnap(GenericWrappers.java:547)
at utils.Reporter.reportStep(Reporter.java:19)
at wrappers.GenericWrappers.takeSnap(GenericWrappers.java:547)
at utils.Reporter.reportStep(Reporter.java:19)
at wrappers.GenericWrappers.takeSnap(GenericWrappers.java:547)
at utils.Reporter.reportStep(Reporter.java:19)
at wrappers.GenericWrappers.takeSnap(GenericWrappers.java:547)
at utils.Reporter.reportStep(Reporter.java:19)
at wrappers.GenericWrappers.takeSnap(GenericWrappers.java:547)
at utils.Reporter.reportStep(Reporter.java:19)
at wrappers.GenericWrappers.takeSnap(GenericWrappers.java:547)
at utils.Reporter.reportStep(Reporter.java:19)
at wrappers.GenericWrappers.takeSnap(GenericWrappers.java:547)
at utils.Reporter.reportStep(Reporter.java:19)
at wrappers.GenericWrappers.takeSnap(GenericWrappers.java:547)
at utils.Reporter.reportStep(Reporter.java:19)
at wrappers.GenericWrappers.takeSnap(GenericWrappers.java:547)
at utils.Reporter.reportStep(Reporter.java:19)
at wrappers.GenericWrappers.takeSnap(GenericWrappers.java:547)
at utils.Reporter.reportStep(Reporter.java:19)
at wrappers.GenericWrappers.takeSnap(GenericWrappers.java:547)
at utils.Reporter.reportStep(Reporter.java:19)
at wrappers.GenericWrappers.takeSnap(GenericWrappers.java:547)
at utils.Reporter.reportStep(Reporter.java:19)
at wrappers.GenericWrappers.takeSnap(GenericWrappers.java:547)
at utils.Reporter.reportStep(Reporter.java:19)
at wrappers.GenericWrappers.takeSnap(GenericWrappers.java:547)
at utils.Reporter.reportStep(Reporter.java:19)
at wrappers.GenericWrappers.takeSnap(GenericWrappers.java:547)
at utils.Reporter.reportStep(Reporter.java:19)
at wrappers.GenericWrappers.takeSnap(GenericWrappers.java:547)
at utils.Reporter.reportStep(Reporter.java:19)
at wrappers.GenericWrappers.takeSnap(GenericWrappers.java:547)
at utils.Reporter.reportStep(Reporter.java:19)
at wrappers.GenericWrappers.takeSnap(GenericWrappers.java:547)
at utils.Reporter.reportStep(Reporter.java:19)
at wrappers.GenericWrappers.takeSnap(GenericWrappers.java:547)
at utils.Reporter.reportStep(Reporter.java:19)
at wrappers.GenericWrappers.takeSnap(GenericWrappers.java:547)
at utils.Reporter.reportStep(Reporter.java:19)
at wrappers.GenericWrappers.takeSnap(GenericWrappers.java:547)
at utils.Reporter.reportStep(Reporter.java:19)
at wrappers.GenericWrappers.takeSnap(GenericWrappers.java:547)
at utils.Reporter.reportStep(Reporter.java:19)
at wrappers.GenericWrappers.takeSnap(GenericWrappers.java:547)
at utils.Reporter.reportStep(Reporter.java:19)
at wrappers.GenericWrappers.takeSnap(GenericWrappers.java:547)
at utils.Reporter.reportStep(Reporter.java:19)
at wrappers.GenericWrappers.takeSnap(GenericWrappers.java:547)
at utils.Reporter.reportStep(Reporter.java:19)
at wrappers.GenericWrappers.takeSnap(GenericWrappers.java:547)
at utils.Reporter.reportStep(Reporter.java:19)
at wrappers.GenericWrappers.takeSnap(GenericWrappers.java:547)
at utils.Reporter.reportStep(Reporter.java:19)
at wrappers.GenericWrappers.takeSnap(GenericWrappers.java:547)
at utils.Reporter.reportStep(Reporter.java:19)
at wrappers.GenericWrappers.takeSnap(GenericWrappers.java:547)
at utils.Reporter.reportStep(Reporter.java:19)
at wrappers.GenericWrappers.takeSnap(GenericWrappers.java:547)
at utils.Reporter.reportStep(Reporter.java:19)
at wrappers.GenericWrappers.takeSnap(GenericWrappers.java:547)
at utils.Reporter.reportStep(Reporter.java:19)
at wrappers.GenericWrappers.takeSnap(GenericWrappers.java:547)
at utils.Reporter.reportStep(Reporter.java:19)
at wrappers.GenericWrappers.takeSnap(GenericWrappers.java:547)
at utils.Reporter.reportStep(Reporter.java:19)
at wrappers.GenericWrappers.takeSnap(GenericWrappers.java:547)
at utils.Reporter.reportStep(Reporter.java:19)
at wrappers.GenericWrappers.takeSnap(GenericWrappers.java:547)
at utils.Reporter.reportStep(Reporter.java:19)
at wrappers.GenericWrappers.takeSnap(GenericWrappers.java:547)
at utils.Reporter.reportStep(Reporter.java:19)
at wrappers.GenericWrappers.takeSnap(GenericWrappers.java:547)
at utils.Reporter.reportStep(Reporter.java:19)
at wrappers.GenericWrappers.takeSnap(GenericWrappers.java:547)
at utils.Reporter.reportStep(Reporter.java:19)
at wrappers.GenericWrappers.takeSnap(GenericWrappers.java:547)
at utils.Reporter.reportStep(Reporter.java:19)
at wrappers.GenericWrappers.takeSnap(GenericWrappers.java:547)
at utils.Reporter.reportStep(Reporter.java:19)
at wrappers.GenericWrappers.takeSnap(GenericWrappers.java:547)
at utils.Reporter.reportStep(Reporter.java:19)
at wrappers.GenericWrappers.takeSnap(GenericWrappers.java:547)
at utils.Reporter.reportStep(Reporter.java:19)
at wrappers.GenericWrappers.takeSnap(GenericWrappers.java:547)
at utils.Reporter.reportStep(Reporter.java:19)
at wrappers.GenericWrappers.takeSnap(GenericWrappers.java:547)
at utils.Reporter.reportStep(Reporter.java:19)
at wrappers.GenericWrappers.takeSnap(GenericWrappers.java:547)
at utils.Reporter.reportStep(Reporter.java:19)
at wrappers.GenericWrappers.takeSnap(GenericWrappers.java:547)
at utils.Reporter.reportStep(Reporter.java:19)
at wrappers.GenericWrappers.takeSnap(GenericWrappers.java:547)
at utils.Reporter.reportStep(Reporter.java:19)
at wrappers.GenericWrappers.takeSnap(GenericWrappers.java:547)
at utils.Reporter.reportStep(Reporter.java:19)
at wrappers.GenericWrappers.takeSnap(GenericWrappers.java:547)
at utils.Reporter.reportStep(Reporter.java:19)
at wrappers.GenericWrappers.takeSnap(GenericWrappers.java:547)
at utils.Reporter.reportStep(Reporter.java:19)
at wrappers.GenericWrappers.takeSnap(GenericWrappers.java:547)
at utils.Reporter.reportStep(Reporter.java:19)
at wrappers.GenericWrappers.takeSnap(GenericWrappers.java:547)
at utils.Reporter.reportStep(Reporter.java:19)
at wrappers.GenericWrappers.takeSnap(GenericWrappers.java:547)
at utils.Reporter.reportStep(Reporter.java:19)
at wrappers.GenericWrappers.takeSnap(GenericWrappers.java:547)
at utils.Reporter.reportStep(Reporter.java:19)
at wrappers.GenericWrappers.takeSnap(GenericWrappers.java:547)
at utils.Reporter.reportStep(Reporter.java:19)
at wrappers.GenericWrappers.takeSnap(GenericWrappers.java:547)
at utils.Reporter.reportStep(Reporter.java:19)
at wrappers.GenericWrappers.takeSnap(GenericWrappers.java:547)
at utils.Reporter.reportStep(Reporter.java:19)
at wrappers.GenericWrappers.takeSnap(GenericWrappers.java:547)
at utils.Reporter.reportStep(Reporter.java:19)
at wrappers.GenericWrappers.takeSnap(GenericWrappers.java:547)
at utils.Reporter.reportStep(Reporter.java:19)
at wrappers.GenericWrappers.takeSnap(GenericWrappers.java:547)
at utils.Reporter.reportStep(Reporter.java:19)
at wrappers.GenericWrappers.takeSnap(GenericWrappers.java:547)
at utils.Reporter.reportStep(Reporter.java:19)
at wrappers.GenericWrappers.takeSnap(GenericWrappers.java:547)
at utils.Reporter.reportStep(Reporter.java:19)
at wrappers.GenericWrappers.takeSnap(GenericWrappers.java:547)
at utils.Reporter.reportStep(Reporter.java:19)
at wrappers.GenericWrappers.takeSnap(GenericWrappers.java:547)
at utils.Reporter.reportStep(Reporter.java:19)
at wrappers.GenericWrappers.takeSnap(GenericWrappers.java:547)
at utils.Reporter.reportStep(Reporter.java:19)
at wrappers.GenericWrappers.takeSnap(GenericWrappers.java:547)
at utils.Reporter.reportStep(Reporter.java:19)
at wrappers.GenericWrappers.takeSnap(GenericWrappers.java:547)
at utils.Reporter.reportStep(Reporter.java:19)
at wrappers.GenericWrappers.takeSnap(GenericWrappers.java:547)
at utils.Reporter.reportStep(Reporter.java:19)
at wrappers.GenericWrappers.takeSnap(GenericWrappers.java:547)
at utils.Reporter.reportStep(Reporter.java:19)
at wrappers.GenericWrappers.takeSnap(GenericWrappers.java:547)
at utils.Reporter.reportStep(Reporter.java:19)
at wrappers.GenericWrappers.takeSnap(GenericWrappers.java:547)
at utils.Reporter.reportStep(Reporter.java:19)
at wrappers.GenericWrappers.takeSnap(GenericWrappers.java:547)
at utils.Reporter.reportStep(Reporter.java:19)
at wrappers.GenericWrappers.takeSnap(GenericWrappers.java:547)
at utils.Reporter.reportStep(Reporter.java:19)
at wrappers.GenericWrappers.takeSnap(GenericWrappers.java:547)
at utils.Reporter.reportStep(Reporter.java:19)
at wrappers.GenericWrappers.takeSnap(GenericWrappers.java:547)
at utils.Reporter.reportStep(Reporter.java:19)
at wrappers.GenericWrappers.takeSnap(GenericWrappers.java:547)
at utils.Reporter.reportStep(Reporter.java:19)
at wrappers.GenericWrappers.takeSnap(GenericWrappers.java:547)
at utils.Reporter.reportStep(Reporter.java:19)
at wrappers.GenericWrappers.takeSnap(GenericWrappers.java:547)
at utils.Reporter.reportStep(Reporter.java:19)
at wrappers.GenericWrappers.takeSnap(GenericWrappers.java:547)
at utils.Reporter.reportStep(Reporter.java:19)
at wrappers.GenericWrappers.takeSnap(GenericWrappers.java:547)
at utils.Reporter.reportStep(Reporter.java:19)
at wrappers.GenericWrappers.takeSnap(GenericWrappers.java:547)
at utils.Reporter.reportStep(Reporter.java:19)
at wrappers.GenericWrappers.takeSnap(GenericWrappers.java:547)
at utils.Reporter.reportStep(Reporter.java:19)
at wrappers.GenericWrappers.takeSnap(GenericWrappers.java:547)
at utils.Reporter.reportStep(Reporter.java:19)
at wrappers.GenericWrappers.takeSnap(GenericWrappers.java:547)
at utils.Reporter.reportStep(Reporter.java:19)
at wrappers.GenericWrappers.takeSnap(GenericWrappers.java:547)
at utils.Reporter.reportStep(Reporter.java:19)
at wrappers.GenericWrappers.takeSnap(GenericWrappers.java:547)
at utils.Reporter.reportStep(Reporter.java:19)
at wrappers.GenericWrappers.takeSnap(GenericWrappers.java:547)
at utils.Reporter.reportStep(Reporter.java:19)
at wrappers.GenericWrappers.takeSnap(GenericWrappers.java:547)
at utils.Reporter.reportStep(Reporter.java:19)
at wrappers.GenericWrappers.takeSnap(GenericWrappers.java:547)
at utils.Reporter.reportStep(Reporter.java:19)
at wrappers.GenericWrappers.takeSnap(GenericWrappers.java:547)
at utils.Reporter.reportStep(Reporter.java:19)
at wrappers.GenericWrappers.takeSnap(GenericWrappers.java:547)
at utils.Reporter.reportStep(Reporter.java:19)
at wrappers.GenericWrappers.takeSnap(GenericWrappers.java:547)
at utils.Reporter.reportStep(Reporter.java:19)
at wrappers.GenericWrappers.takeSnap(GenericWrappers.java:547)
at utils.Reporter.reportStep(Reporter.java:19)
at wrappers.GenericWrappers.takeSnap(GenericWrappers.java:547)
at utils.Reporter.reportStep(Reporter.java:19)
at wrappers.GenericWrappers.takeSnap(GenericWrappers.java:547)
at utils.Reporter.reportStep(Reporter.java:19)
at wrappers.GenericWrappers.takeSnap(GenericWrappers.java:547)
at utils.Reporter.reportStep(Reporter.java:19)
at wrappers.GenericWrappers.takeSnap(GenericWrappers.java:547)
at utils.Reporter.reportStep(Reporter.java:19)
at wrappers.GenericWrappers.takeSnap(GenericWrappers.java:547)
at utils.Reporter.reportStep(Reporter.java:19)
at wrappers.GenericWrappers.takeSnap(GenericWrappers.java:547)
at utils.Reporter.reportStep(Reporter.java:19)
at wrappers.GenericWrappers.takeSnap(GenericWrappers.java:547)
at utils.Reporter.reportStep(Reporter.java:19)
at wrappers.GenericWrappers.takeSnap(GenericWrappers.java:547)
at utils.Reporter.reportStep(Reporter.java:19)
at wrappers.GenericWrappers.takeSnap(GenericWrappers.java:547)
at utils.Reporter.reportStep(Reporter.java:19)
at wrappers.GenericWrappers.takeSnap(GenericWrappers.java:547)
at utils.Reporter.reportStep(Reporter.java:19)
at wrappers.GenericWrappers.takeSnap(GenericWrappers.java:547)
at utils.Reporter.reportStep(Reporter.java:19)
at wrappers.GenericWrappers.takeSnap(GenericWrappers.java:547)
at utils.Reporter.reportStep(Reporter.java:19)
at wrappers.GenericWrappers.takeSnap(GenericWrappers.java:547)
at utils.Reporter.reportStep(Reporter.java:19)
at wrappers.GenericWrappers.takeSnap(GenericWrappers.java:547)
at utils.Reporter.reportStep(Reporter.java:19)
at wrappers.GenericWrappers.takeSnap(GenericWrappers.java:547)
at utils.Reporter.reportStep(Reporter.java:19)
at wrappers.GenericWrappers.takeSnap(GenericWrappers.java:547)
at utils.Reporter.reportStep(Reporter.java:19)
at wrappers.GenericWrappers.takeSnap(GenericWrappers.java:547)
at utils.Reporter.reportStep(Reporter.java:19)
at wrappers.GenericWrappers.takeSnap(GenericWrappers.java:547)
at utils.Reporter.reportStep(Reporter.java:19)
at wrappers.GenericWrappers.takeSnap(GenericWrappers.java:547)
at utils.Reporter.reportStep(Reporter.java:19)
at wrappers.GenericWrappers.takeSnap(GenericWrappers.java:547)
at utils.Reporter.reportStep(Reporter.java:19)
at wrappers.GenericWrappers.takeSnap(GenericWrappers.java:547)
at utils.Reporter.reportStep(Reporter.java:19)
at wrappers.GenericWrappers.takeSnap(GenericWrappers.java:547)
at utils.Reporter.reportStep(Reporter.java:19)
at wrappers.GenericWrappers.takeSnap(GenericWrappers.java:547)
at utils.Reporter.reportStep(Reporter.java:19)
at wrappers.GenericWrappers.takeSnap(GenericWrappers.java:547)
at utils.Reporter.reportStep(Reporter.java:19)
at wrappers.GenericWrappers.takeSnap(GenericWrappers.java:547)
at utils.Reporter.reportStep(Reporter.java:19)
at wrappers.GenericWrappers.takeSnap(GenericWrappers.java:547)
at utils.Reporter.reportStep(Reporter.java:19)
at wrappers.GenericWrappers.takeSnap(GenericWrappers.java:547)
at utils.Reporter.reportStep(Reporter.java:19)
at wrappers.GenericWrappers.takeSnap(GenericWrappers.java:547)
at utils.Reporter.reportStep(Reporter.java:19)
at wrappers.GenericWrappers.takeSnap(GenericWrappers.java:547)
at utils.Reporter.reportStep(Reporter.java:19)
at wrappers.GenericWrappers.takeSnap(GenericWrappers.java:547)
at utils.Reporter.reportStep(Reporter.java:19)
at wrappers.GenericWrappers.takeSnap(GenericWrappers.java:547)
at utils.Reporter.reportStep(Reporter.java:19)
at wrappers.GenericWrappers.takeSnap(GenericWrappers.java:547)
at utils.Reporter.reportStep(Reporter.java:19)
at wrappers.GenericWrappers.takeSnap(GenericWrappers.java:547)
at utils.Reporter.reportStep(Reporter.java:19)
at wrappers.GenericWrappers.takeSnap(GenericWrappers.java:547)
at utils.Reporter.reportStep(Reporter.java:19)
at wrappers.GenericWrappers.takeSnap(GenericWrappers.java:547)
at utils.Reporter.reportStep(Reporter.java:19)
at wrappers.GenericWrappers.takeSnap(GenericWrappers.java:547)
at utils.Reporter.reportStep(Reporter.java:19)
at wrappers.GenericWrappers.takeSnap(GenericWrappers.java:547)
at utils.Reporter.reportStep(Reporter.java:19)
at wrappers.GenericWrappers.takeSnap(GenericWrappers.java:547)
at utils.Reporter.reportStep(Reporter.java:19)
at wrappers.GenericWrappers.takeSnap(GenericWrappers.java:547)
at utils.Reporter.reportStep(Reporter.java:19)
at wrappers.GenericWrappers.takeSnap(GenericWrappers.java:547)
at utils.Reporter.reportStep(Reporter.java:19)
at wrappers.GenericWrappers.takeSnap(GenericWrappers.java:547)
at utils.Reporter.reportStep(Reporter.java:19)
at wrappers.GenericWrappers.takeSnap(GenericWrappers.java:547)
at utils.Reporter.reportStep(Reporter.java:19)
at wrappers.GenericWrappers.takeSnap(GenericWrappers.java:547)
at utils.Reporter.reportStep(Reporter.java:19)
at wrappers.GenericWrappers.takeSnap(GenericWrappers.java:547)
at utils.Reporter.reportStep(Reporter.java:19)
at wrappers.GenericWrappers.takeSnap(GenericWrappers.java:547)
at utils.Reporter.reportStep(Reporter.java:19)
at wrappers.GenericWrappers.takeSnap(GenericWrappers.java:547)
at utils.Reporter.reportStep(Reporter.java:19)
at wrappers.GenericWrappers.takeSnap(GenericWrappers.java:547)
at utils.Reporter.reportStep(Reporter.java:19)
at wrappers.GenericWrappers.takeSnap(GenericWrappers.java:547)
at utils.Reporter.reportStep(Reporter.java:19)
at wrappers.GenericWrappers.takeSnap(GenericWrappers.java:547)
at utils.Reporter.reportStep(Reporter.java:19)
at wrappers.GenericWrappers.takeSnap(GenericWrappers.java:547)
at utils.Reporter.reportStep(Reporter.java:19)
at wrappers.GenericWrappers.takeSnap(GenericWrappers.java:547)
at utils.Reporter.reportStep(Reporter.java:19)
at wrappers.GenericWrappers.takeSnap(GenericWrappers.java:547)
at utils.Reporter.reportStep(Reporter.java:19)
at wrappers.GenericWrappers.takeSnap(GenericWrappers.java:547)
at utils.Reporter.reportStep(Reporter.java:19)
at wrappers.GenericWrappers.takeSnap(GenericWrappers.java:547)
at utils.Reporter.reportStep(Reporter.java:19)
at wrappers.GenericWrappers.takeSnap(GenericWrappers.java:547)
at utils.Reporter.reportStep(Reporter.java:19)
at wrappers.GenericWrappers.takeSnap(GenericWrappers.java:547)
at utils.Reporter.reportStep(Reporter.java:19)
at wrappers.GenericWrappers.takeSnap(GenericWrappers.java:547)
at utils.Reporter.reportStep(Reporter.java:19)
at wrappers.GenericWrappers.takeSnap(GenericWrappers.java:547)
at utils.Reporter.reportStep(Reporter.java:19)
at wrappers.GenericWrappers.takeSnap(GenericWrappers.java:547)
at utils.Reporter.reportStep(Reporter.java:19)
at wrappers.GenericWrappers.takeSnap(GenericWrappers.java:547)
at utils.Reporter.reportStep(Reporter.java:19)
at wrappers.GenericWrappers.takeSnap(GenericWrappers.java:547)
at utils.Reporter.reportStep(Reporter.java:19)
at wrappers.GenericWrappers.takeSnap(GenericWrappers.java:547)
at utils.Reporter.reportStep(Reporter.java:19)
at wrappers.GenericWrappers.takeSnap(GenericWrappers.java:547)
at utils.Reporter.reportStep(Reporter.java:19)
at wrappers.GenericWrappers.takeSnap(GenericWrappers.java:547)
at utils.Reporter.reportStep(Reporter.java:19)
at wrappers.GenericWrappers.takeSnap(GenericWrappers.java:547)
at utils.Reporter.reportStep(Reporter.java:19)
at wrappers.GenericWrappers.takeSnap(GenericWrappers.java:547)
at utils.Reporter.reportStep(Reporter.java:19)
at wrappers.GenericWrappers.takeSnap(GenericWrappers.java:547)
at utils.Reporter.reportStep(Reporter.java:19)
at wrappers.GenericWrappers.takeSnap(GenericWrappers.java:547)
at utils.Reporter.reportStep(Reporter.java:19)
at wrappers.GenericWrappers.takeSnap(GenericWrappers.java:547)
at utils.Reporter.reportStep(Reporter.java:19)
at wrappers.GenericWrappers.takeSnap(GenericWrappers.java:547)
at utils.Reporter.reportStep(Reporter.java:19)
at wrappers.GenericWrappers.takeSnap(GenericWrappers.java:547)
at utils.Reporter.reportStep(Reporter.java:19)
at wrappers.GenericWrappers.takeSnap(GenericWrappers.java:547)
at utils.Reporter.reportStep(Reporter.java:19)
at wrappers.GenericWrappers.takeSnap(GenericWrappers.java:547)
at utils.Reporter.reportStep(Reporter.java:19)
at wrappers.GenericWrappers.takeSnap(GenericWrappers.java:547)
at utils.Reporter.reportStep(Reporter.java:19)
at wrappers.GenericWrappers.takeSnap(GenericWrappers.java:547)
at utils.Reporter.reportStep(Reporter.java:19)
at wrappers.GenericWrappers.takeSnap(GenericWrappers.java:547)
at utils.Reporter.reportStep(Reporter.java:19)
at wrappers.GenericWrappers.takeSnap(GenericWrappers.java:547)
at utils.Reporter.reportStep(Reporter.java:19)
at wrappers.GenericWrappers.takeSnap(GenericWrappers.java:547)
at utils.Reporter.reportStep(Reporter.java:19)
at wrappers.GenericWrappers.takeSnap(GenericWrappers.java:547)
at utils.Reporter.reportStep(Reporter.java:19)
at wrappers.GenericWrappers.takeSnap(GenericWrappers.java:547)
at utils.Reporter.reportStep(Reporter.java:19)
at wrappers.GenericWrappers.takeSnap(GenericWrappers.java:547)
at utils.Reporter.reportStep(Reporter.java:19)
at wrappers.GenericWrappers.takeSnap(GenericWrappers.java:547)
at utils.Reporter.reportStep(Reporter.java:19)
at wrappers.GenericWrappers.takeSnap(GenericWrappers.java:547)
at utils.Reporter.reportStep(Reporter.java:19)
at wrappers.GenericWrappers.takeSnap(GenericWrappers.java:547)
at utils.Reporter.reportStep(Reporter.java:19)
at wrappers.GenericWrappers.takeSnap(GenericWrappers.java:547)
at utils.Reporter.reportStep(Reporter.java:19)
at wrappers.GenericWrappers.takeSnap(GenericWrappers.java:547)
at utils.Reporter.reportStep(Reporter.java:19)
at wrappers.GenericWrappers.takeSnap(GenericWrappers.java:547)
at utils.Reporter.reportStep(Reporter.java:19)
at wrappers.GenericWrappers.takeSnap(GenericWrappers.java:547)
at utils.Reporter.reportStep(Reporter.java:19)
at wrappers.GenericWrappers.takeSnap(GenericWrappers.java:547)
at utils.Reporter.reportStep(Reporter.java:19)
at wrappers.GenericWrappers.takeSnap(GenericWrappers.java:547)
at utils.Reporter.reportStep(Reporter.java:19)
at wrappers.GenericWrappers.takeSnap(GenericWrappers.java:547)
at utils.Reporter.reportStep(Reporter.java:19)
at wrappers.GenericWrappers.takeSnap(GenericWrappers.java:547)
at utils.Reporter.reportStep(Reporter.java:19)
at wrappers.GenericWrappers.takeSnap(GenericWrappers.java:547)
at utils.Reporter.reportStep(Reporter.java:19)
at wrappers.GenericWrappers.takeSnap(GenericWrappers.java:547)
at utils.Reporter.reportStep(Reporter.java:19)
at wrappers.GenericWrappers.takeSnap(GenericWrappers.java:547)
at utils.Reporter.reportStep(Reporter.java:19)
at wrappers.GenericWrappers.takeSnap(GenericWrappers.java:547)
at utils.Reporter.reportStep(Reporter.java:19)
at wrappers.GenericWrappers.takeSnap(GenericWrappers.java:547)
at utils.Reporter.reportStep(Reporter.java:19)
at wrappers.GenericWrappers.takeSnap(GenericWrappers.java:547)
at utils.Reporter.reportStep(Reporter.java:19)
at wrappers.GenericWrappers.takeSnap(GenericWrappers.java:547)
at utils.Reporter.reportStep(Reporter.java:19)
at wrappers.GenericWrappers.takeSnap(GenericWrappers.java:547)
at utils.Reporter.reportStep(Reporter.java:19)
at wrappers.GenericWrappers.takeSnap(GenericWrappers.java:547)
at utils.Reporter.reportStep(Reporter.java:19)
at wrappers.GenericWrappers.takeSnap(GenericWrappers.java:547)
at utils.Reporter.reportStep(Reporter.java:19)
at wrappers.GenericWrappers.takeSnap(GenericWrappers.java:547)
at utils.Reporter.reportStep(Reporter.java:19)
at wrappers.GenericWrappers.takeSnap(GenericWrappers.java:547)
at utils.Reporter.reportStep(Reporter.java:19)
at wrappers.GenericWrappers.takeSnap(GenericWrappers.java:547)
at utils.Reporter.reportStep(Reporter.java:19)
at wrappers.GenericWrappers.takeSnap(GenericWrappers.java:547)
at utils.Reporter.reportStep(Reporter.java:19)
at wrappers.GenericWrappers.takeSnap(GenericWrappers.java:547)
at utils.Reporter.reportStep(Reporter.java:19)
at wrappers.GenericWrappers.takeSnap(GenericWrappers.java:547)
at utils.Reporter.reportStep(Reporter.java:19)
at wrappers.GenericWrappers.takeSnap(GenericWrappers.java:547)
at utils.Reporter.reportStep(Reporter.java:19)
at wrappers.GenericWrappers.takeSnap(GenericWrappers.java:547)
at utils.Reporter.reportStep(Reporter.java:19)
at wrappers.GenericWrappers.takeSnap(GenericWrappers.java:547)
at utils.Reporter.reportStep(Reporter.java:19)
at wrappers.GenericWrappers.takeSnap(GenericWrappers.java:547)
at utils.Reporter.reportStep(Reporter.java:19)
at wrappers.GenericWrappers.takeSnap(GenericWrappers.java:547)
at utils.Reporter.reportStep(Reporter.java:19)
at wrappers.GenericWrappers.takeSnap(GenericWrappers.java:547)
at utils.Reporter.reportStep(Reporter.java:19)
at wrappers.GenericWrappers.takeSnap(GenericWrappers.java:547)
at utils.Reporter.reportStep(Reporter.java:19)
at wrappers.GenericWrappers.takeSnap(GenericWrappers.java:547)
at utils.Reporter.reportStep(Reporter.java:19)
at wrappers.GenericWrappers.takeSnap(GenericWrappers.java:547)
at utils.Reporter.reportStep(Reporter.java:19)
at wrappers.GenericWrappers.takeSnap(GenericWrappers.java:547)
at utils.Reporter.reportStep(Reporter.java:19)
at wrappers.GenericWrappers.takeSnap(GenericWrappers.java:547)
at utils.Reporter.reportStep(Reporter.java:19)
at wrappers.GenericWrappers.takeSnap(GenericWrappers.java:547)
at utils.Reporter.reportStep(Reporter.java:19)
at wrappers.GenericWrappers.takeSnap(GenericWrappers.java:547)
at utils.Reporter.reportStep(Reporter.java:19)
at wrappers.GenericWrappers.takeSnap(GenericWrappers.java:547)
at utils.Reporter.reportStep(Reporter.java:19)
at wrappers.GenericWrappers.takeSnap(GenericWrappers.java:547)
at utils.Reporter.reportStep(Reporter.java:19)
at wrappers.GenericWrappers.takeSnap(GenericWrappers.java:547)
at utils.Reporter.reportStep(Reporter.java:19)
at wrappers.GenericWrappers.takeSnap(GenericWrappers.java:547)
at utils.Reporter.reportStep(Reporter.java:19)
at wrappers.GenericWrappers.takeSnap(GenericWrappers.java:547)
at utils.Reporter.reportStep(Reporter.java:19)
at wrappers.GenericWrappers.takeSnap(GenericWrappers.java:547)
at utils.Reporter.reportStep(Reporter.java:19)
at wrappers.GenericWrappers.takeSnap(GenericWrappers.java:547)
at utils.Reporter.reportStep(Reporter.java:19)
at wrappers.GenericWrappers.takeSnap(GenericWrappers.java:547)
at utils.Reporter.reportStep(Reporter.java:19)
at wrappers.GenericWrappers.takeSnap(GenericWrappers.java:547)
at utils.Reporter.reportStep(Reporter.java:19)
at wrappers.GenericWrappers.takeSnap(GenericWrappers.java:547)
at utils.Reporter.reportStep(Reporter.java:19)
at wrappers.GenericWrappers.takeSnap(GenericWrappers.java:547)
at utils.Reporter.reportStep(Reporter.java:19)
at wrappers.GenericWrappers.takeSnap(GenericWrappers.java:547)
at utils.Reporter.reportStep(Reporter.java:19)
at wrappers.GenericWrappers.takeSnap(GenericWrappers.java:547)
at utils.Reporter.reportStep(Reporter.java:19)
at wrappers.GenericWrappers.takeSnap(GenericWrappers.java:547)
at utils.Reporter.reportStep(Reporter.java:19)
at wrappers.GenericWrappers.takeSnap(GenericWrappers.java:547)
at utils.Reporter.reportStep(Reporter.java:19)
at wrappers.GenericWrappers.takeSnap(GenericWrappers.java:547)
at utils.Reporter.reportStep(Reporter.java:19)
at wrappers.GenericWrappers.takeSnap(GenericWrappers.java:547)
at utils.Reporter.reportStep(Reporter.java:19)
at wrappers.GenericWrappers.takeSnap(GenericWrappers.java:547)
at utils.Reporter.reportStep(Reporter.java:19)
at wrappers.GenericWrappers.takeSnap(GenericWrappers.java:547)
at utils.Reporter.reportStep(Reporter.java:19)
at wrappers.GenericWrappers.takeSnap(GenericWrappers.java:547)
at utils.Reporter.reportStep(Reporter.java:19)
at wrappers.GenericWrappers.takeSnap(GenericWrappers.java:547)
at utils.Reporter.reportStep(Reporter.java:19)
at wrappers.GenericWrappers.takeSnap(GenericWrappers.java:547)
at utils.Reporter.reportStep(Reporter.java:19)
at wrappers.GenericWrappers.takeSnap(GenericWrappers.java:547)
at utils.Reporter.reportStep(Reporter.java:19)
at wrappers.GenericWrappers.takeSnap(GenericWrappers.java:547)
at utils.Reporter.reportStep(Reporter.java:19)
at wrappers.GenericWrappers.takeSnap(GenericWrappers.java:547)
at utils.Reporter.reportStep(Reporter.java:19)
at wrappers.GenericWrappers.takeSnap(GenericWrappers.java:547)
at utils.Reporter.reportStep(Reporter.java:19)
at wrappers.GenericWrappers.takeSnap(GenericWrappers.java:547)
at utils.Reporter.reportStep(Reporter.java:19)
at wrappers.GenericWrappers.takeSnap(GenericWrappers.java:547)
at utils.Reporter.reportStep(Reporter.java:19)
at wrappers.GenericWrappers.takeSnap(GenericWrappers.java:547)
at utils.Reporter.reportStep(Reporter.java:19)
at wrappers.GenericWrappers.takeSnap(GenericWrappers.java:547)
at utils.Reporter.reportStep(Reporter.java:19)
at wrappers.GenericWrappers.takeSnap(GenericWrappers.java:547)
at utils.Reporter.reportStep(Reporter.java:19)
at wrappers.GenericWrappers.takeSnap(GenericWrappers.java:547)
at utils.Reporter.reportStep(Reporter.java:19)
at wrappers.GenericWrappers.takeSnap(GenericWrappers.java:547)
at utils.Reporter.reportStep(Reporter.java:19)
at wrappers.GenericWrappers.takeSnap(GenericWrappers.java:547)
at utils.Reporter.reportStep(Reporter.java:19)
at wrappers.GenericWrappers.takeSnap(GenericWrappers.java:547)
at utils.Reporter.reportStep(Reporter.java:19)
at wrappers.GenericWrappers.takeSnap(GenericWrappers.java:547)
at utils.Reporter.reportStep(Reporter.java:19)
at wrappers.GenericWrappers.takeSnap(GenericWrappers.java:547)
at utils.Reporter.reportStep(Reporter.java:19)
at wrappers.GenericWrappers.takeSnap(GenericWrappers.java:547)
at utils.Reporter.reportStep(Reporter.java:19)
at wrappers.GenericWrappers.takeSnap(GenericWrappers.java:547)
at utils.Reporter.reportStep(Reporter.java:19)
at wrappers.GenericWrappers.takeSnap(GenericWrappers.java:547)
at utils.Reporter.reportStep(Reporter.java:19)
at wrappers.GenericWrappers.takeSnap(GenericWrappers.java:547)
at utils.Reporter.reportStep(Reporter.java:19)
at wrappers.GenericWrappers.takeSnap(GenericWrappers.java:547)
at utils.Reporter.reportStep(Reporter.java:19)
at wrappers.GenericWrappers.takeSnap(GenericWrappers.java:547)
at utils.Reporter.reportStep(Reporter.java:19)
at wrappers.GenericWrappers.takeSnap(GenericWrappers.java:547)
at utils.Reporter.reportStep(Reporter.java:19)
at wrappers.GenericWrappers.takeSnap(GenericWrappers.java:547)
at utils.Reporter.reportStep(Reporter.java:19)
at wrappers.GenericWrappers.takeSnap(GenericWrappers.java:547)
at utils.Reporter.reportStep(Reporter.java:19)
at wrappers.GenericWrappers.takeSnap(GenericWrappers.java:547)
at utils.Reporter.reportStep(Reporter.java:19)
at wrappers.GenericWrappers.takeSnap(GenericWrappers.java:547)
at utils.Reporter.reportStep(Reporter.java:19)
at wrappers.GenericWrappers.takeSnap(GenericWrappers.java:547)
at utils.Reporter.reportStep(Reporter.java:19)
at wrappers.GenericWrappers.takeSnap(GenericWrappers.java:547)
at utils.Reporter.reportStep(Reporter.java:19)
at wrappers.GenericWrappers.takeSnap(GenericWrappers.java:547)
at utils.Reporter.reportStep(Reporter.java:19)
at wrappers.GenericWrappers.takeSnap(GenericWrappers.java:547)
at utils.Reporter.reportStep(Reporter.java:19)
at wrappers.GenericWrappers.takeSnap(GenericWrappers.java:547)
at utils.Reporter.reportStep(Reporter.java:19)
at wrappers.GenericWrappers.takeSnap(GenericWrappers.java:547)
at utils.Reporter.reportStep(Reporter.java:19)
at wrappers.GenericWrappers.takeSnap(GenericWrappers.java:547)
at utils.Reporter.reportStep(Reporter.java:19)
at wrappers.GenericWrappers.takeSnap(GenericWrappers.java:547)
at utils.Reporter.reportStep(Reporter.java:19)
at wrappers.GenericWrappers.takeSnap(GenericWrappers.java:547)
at utils.Reporter.reportStep(Reporter.java:19)
at wrappers.GenericWrappers.takeSnap(GenericWrappers.java:547)
at utils.Reporter.reportStep(Reporter.java:19)
at wrappers.GenericWrappers.takeSnap(GenericWrappers.java:547)
at utils.Reporter.reportStep(Reporter.java:19)
at wrappers.GenericWrappers.takeSnap(GenericWrappers.java:547)
at utils.Reporter.reportStep(Reporter.java:19)
at wrappers.GenericWrappers.takeSnap(GenericWrappers.java:547)
at utils.Reporter.reportStep(Reporter.java:19)
at wrappers.GenericWrappers.takeSnap(GenericWrappers.java:547)
at utils.Reporter.reportStep(Reporter.java:19)
at wrappers.GenericWrappers.takeSnap(GenericWrappers.java:547)
at utils.Reporter.reportStep(Reporter.java:19)
at wrappers.GenericWrappers.takeSnap(GenericWrappers.java:547)
at utils.Reporter.reportStep(Reporter.java:19)
at wrappers.GenericWrappers.takeSnap(GenericWrappers.java:547)
at utils.Reporter.reportStep(Reporter.java:19)
at wrappers.GenericWrappers.takeSnap(GenericWrappers.java:547)
at utils.Reporter.reportStep(Reporter.java:19)
at wrappers.GenericWrappers.takeSnap(GenericWrappers.java:547)
at utils.Reporter.reportStep(Reporter.java:19)
at wrappers.GenericWrappers.takeSnap(GenericWrappers.java:547)
at utils.Reporter.reportStep(Reporter.java:19)
at wrappers.GenericWrappers.takeSnap(GenericWrappers.java:547)
at utils.Reporter.reportStep(Reporter.java:19)
at wrappers.GenericWrappers.takeSnap(GenericWrappers.java:547)
at utils.Reporter.reportStep(Reporter.java:19)
at wrappers.GenericWrappers.takeSnap(GenericWrappers.java:547)
at utils.Reporter.reportStep(Reporter.java:19)
at wrappers.GenericWrappers.takeSnap(GenericWrappers.java:547)
at utils.Reporter.reportStep(Reporter.java:19)
at wrappers.GenericWrappers.takeSnap(GenericWrappers.java:547)
at utils.Reporter.reportStep(Reporter.java:19)
at wrappers.GenericWrappers.takeSnap(GenericWrappers.java:547)
at utils.Reporter.reportStep(Reporter.java:19)
at wrappers.GenericWrappers.takeSnap(GenericWrappers.java:547)
at utils.Reporter.reportStep(Reporter.java:19)
at wrappers.GenericWrappers.takeSnap(GenericWrappers.java:547)
at utils.Reporter.reportStep(Reporter.java:19)
at wrappers.GenericWrappers.takeSnap(GenericWrappers.java:547)
at utils.Reporter.reportStep(Reporter.java:19)
at wrappers.GenericWrappers.takeSnap(GenericWrappers.java:547)
at utils.Reporter.reportStep(Reporter.java:19)
at wrappers.GenericWrappers.takeSnap(GenericWrappers.java:547)
at utils.Reporter.reportStep(Reporter.java:19)
at wrappers.GenericWrappers.takeSnap(GenericWrappers.java:547)
at utils.Reporter.reportStep(Reporter.java:19)
at wrappers.GenericWrappers.takeSnap(GenericWrappers.java:547)
at utils.Reporter.reportStep(Reporter.java:19)
at wrappers.GenericWrappers.takeSnap(GenericWrappers.java:547)
at utils.Reporter.reportStep(Reporter.java:19)
at wrappers.GenericWrappers.takeSnap(GenericWrappers.java:547)
at utils.Reporter.reportStep(Reporter.java:19)
at wrappers.GenericWrappers.takeSnap(GenericWrappers.java:547)
at utils.Reporter.reportStep(Reporter.java:19)
at wrappers.GenericWrappers.takeSnap(GenericWrappers.java:547)
at utils.Reporter.reportStep(Reporter.java:19)
at wrappers.GenericWrappers.takeSnap(GenericWrappers.java:547)
at utils.Reporter.reportStep(Reporter.java:19)
at wrappers.GenericWrappers.takeSnap(GenericWrappers.java:547)
at utils.Reporter.reportStep(Reporter.java:19)
at wrappers.GenericWrappers.takeSnap(GenericWrappers.java:547)
at utils.Reporter.reportStep(Reporter.java:19)
at wrappers.GenericWrappers.takeSnap(GenericWrappers.java:547)
at utils.Reporter.reportStep(Reporter.java:19)
at wrappers.GenericWrappers.takeSnap(GenericWrappers.java:547)
at utils.Reporter.reportStep(Reporter.java:19)
at wrappers.GenericWrappers.takeSnap(GenericWrappers.java:547)
at utils.Reporter.reportStep(Reporter.java:19)
at wrappers.GenericWrappers.takeSnap(GenericWrappers.java:547)
at utils.Reporter.reportStep(Reporter.java:19)
at wrappers.GenericWrappers.takeSnap(GenericWrappers.java:547)
at utils.Reporter.reportStep(Reporter.java:19)
at wrappers.GenericWrappers.takeSnap(GenericWrappers.java:547)
at utils.Reporter.reportStep(Reporter.java:19)
at wrappers.GenericWrappers.takeSnap(GenericWrappers.java:547)
at utils.Reporter.reportStep(Reporter.java:19)
at wrappers.GenericWrappers.takeSnap(GenericWrappers.java:547)
at utils.Reporter.reportStep(Reporter.java:19)
at wrappers.GenericWrappers.takeSnap(GenericWrappers.java:547)
at utils.Reporter.reportStep(Reporter.java:19)
at wrappers.GenericWrappers.takeSnap(GenericWrappers.java:547)
at utils.Reporter.reportStep(Reporter.java:19)
at wrappers.GenericWrappers.takeSnap(GenericWrappers.java:547)
at utils.Reporter.reportStep(Reporter.java:19)
at wrappers.GenericWrappers.takeSnap(GenericWrappers.java:547)
at utils.Reporter.reportStep(Reporter.java:19)
at wrappers.GenericWrappers.takeSnap(GenericWrappers.java:547)
at utils.Reporter.reportStep(Reporter.java:19)
at wrappers.GenericWrappers.takeSnap(GenericWrappers.java:547)
at utils.Reporter.reportStep(Reporter.java:19)
at wrappers.GenericWrappers.takeSnap(GenericWrappers.java:547)
at utils.Reporter.reportStep(Reporter.java:19)
at wrappers.GenericWrappers.takeSnap(GenericWrappers.java:547)
at utils.Reporter.reportStep(Reporter.java:19)
at wrappers.GenericWrappers.takeSnap(GenericWrappers.java:547)
at utils.Reporter.reportStep(Reporter.java:19)
at wrappers.GenericWrappers.takeSnap(GenericWrappers.java:547)
at utils.Reporter.reportStep(Reporter.java:19)
at wrappers.GenericWrappers.takeSnap(GenericWrappers.java:547)
at utils.Reporter.reportStep(Reporter.java:19)
at wrappers.GenericWrappers.takeSnap(GenericWrappers.java:547)
at utils.Reporter.reportStep(Reporter.java:19)
at wrappers.GenericWrappers.takeSnap(GenericWrappers.java:547)
at utils.Reporter.reportStep(Reporter.java:19)
at wrappers.GenericWrappers.takeSnap(GenericWrappers.java:547)
at utils.Reporter.reportStep(Reporter.java:19)
at wrappers.GenericWrappers.takeSnap(GenericWrappers.java:547)
at utils.Reporter.reportStep(Reporter.java:19)
at wrappers.GenericWrappers.takeSnap(GenericWrappers.java:547)
at utils.Reporter.reportStep(Reporter.java:19)
at wrappers.GenericWrappers.takeSnap(GenericWrappers.java:547)
at utils.Reporter.reportStep(Reporter.java:19)
at wrappers.GenericWrappers.takeSnap(GenericWrappers.java:547)
at utils.Reporter.reportStep(Reporter.java:19)
at wrappers.GenericWrappers.takeSnap(GenericWrappers.java:547)
at utils.Reporter.reportStep(Reporter.java:19)
at wrappers.GenericWrappers.takeSnap(GenericWrappers.java:547)
at utils.Reporter.reportStep(Reporter.java:19)
at wrappers.GenericWrappers.takeSnap(GenericWrappers.java:547)
at utils.Reporter.reportStep(Reporter.java:19)
at wrappers.GenericWrappers.takeSnap(GenericWrappers.java:547)
at utils.Reporter.reportStep(Reporter.java:19)
at wrappers.GenericWrappers.takeSnap(GenericWrappers.java:547)
at utils.Reporter.reportStep(Reporter.java:19)
at wrappers.GenericWrappers.takeSnap(GenericWrappers.java:547)
at utils.Reporter.reportStep(Reporter.java:19)
at wrappers.GenericWrappers.takeSnap(GenericWrappers.java:547)
at utils.Reporter.reportStep(Reporter.java:19)
at wrappers.GenericWrappers.takeSnap(GenericWrappers.java:547)
at utils.Reporter.reportStep(Reporter.java:19)
at wrappers.GenericWrappers.takeSnap(GenericWrappers.java:547)
at utils.Reporter.reportStep(Reporter.java:19)
at wrappers.GenericWrappers.takeSnap(GenericWrappers.java:547)
at utils.Reporter.reportStep(Reporter.java:19)
at wrappers.GenericWrappers.takeSnap(GenericWrappers.java:547)
at utils.Reporter.reportStep(Reporter.java:19)
at wrappers.GenericWrappers.takeSnap(GenericWrappers.java:547)
at utils.Reporter.reportStep(Reporter.java:19)
at wrappers.GenericWrappers.takeSnap(GenericWrappers.java:547)
at utils.Reporter.reportStep(Reporter.java:19)
at wrappers.GenericWrappers.takeSnap(GenericWrappers.java:547)
at utils.Reporter.reportStep(Reporter.java:19)
at wrappers.GenericWrappers.takeSnap(GenericWrappers.java:547)
at utils.Reporter.reportStep(Reporter.java:19)
at wrappers.GenericWrappers.takeSnap(GenericWrappers.java:547)
at utils.Reporter.reportStep(Reporter.java:19)
at wrappers.GenericWrappers.takeSnap(GenericWrappers.java:547)
at utils.Reporter.reportStep(Reporter.java:19)
at wrappers.GenericWrappers.takeSnap(GenericWrappers.java:547)
at utils.Reporter.reportStep(Reporter.java:19)
at wrappers.GenericWrappers.takeSnap(GenericWrappers.java:547)
at utils.Reporter.reportStep(Reporter.java:19)
at wrappers.GenericWrappers.takeSnap(GenericWrappers.java:547)
at utils.Reporter.reportStep(Reporter.java:19)
at wrappers.GenericWrappers.takeSnap(GenericWrappers.java:547)
at utils.Reporter.reportStep(Reporter.java:19)
at wrappers.GenericWrappers.takeSnap(GenericWrappers.java:547)
at utils.Reporter.reportStep(Reporter.java:19)
at wrappers.GenericWrappers.takeSnap(GenericWrappers.java:547)
at utils.Reporter.reportStep(Reporter.java:19)
at wrappers.GenericWrappers.takeSnap(GenericWrappers.java:547)
at utils.Reporter.reportStep(Reporter.java:19)
at wrappers.GenericWrappers.takeSnap(GenericWrappers.java:547)
at utils.Reporter.reportStep(Reporter.java:19)
at wrappers.GenericWrappers.takeSnap(GenericWrappers.java:547)
at utils.Reporter.reportStep(Reporter.java:19)
at wrappers.GenericWrappers.takeSnap(GenericWrappers.java:547)
at utils.Reporter.reportStep(Reporter.java:19)
at wrappers.GenericWrappers.takeSnap(GenericWrappers.java:547)
at utils.Reporter.reportStep(Reporter.java:19)
at wrappers.GenericWrappers.takeSnap(GenericWrappers.java:547)
at utils.Reporter.reportStep(Reporter.java:19)
at wrappers.GenericWrappers.takeSnap(GenericWrappers.java:547)
at utils.Reporter.reportStep(Reporter.java:19)
at wrappers.GenericWrappers.takeSnap(GenericWrappers.java:547)
at utils.Reporter.reportStep(Reporter.java:19)
at wrappers.GenericWrappers.takeSnap(GenericWrappers.java:547)
at utils.Reporter.reportStep(Reporter.java:19)
at wrappers.GenericWrappers.takeSnap(GenericWrappers.java:547)
at utils.Reporter.reportStep(Reporter.java:19)
at wrappers.GenericWrappers.takeSnap(GenericWrappers.java:547)
at utils.Reporter.reportStep(Reporter.java:19)
at wrappers.GenericWrappers.takeSnap(GenericWrappers.java:547)
at utils.Reporter.reportStep(Reporter.java:19)
at wrappers.GenericWrappers.takeSnap(GenericWrappers.java:547)
at utils.Reporter.reportStep(Reporter.java:19)
at wrappers.GenericWrappers.takeSnap(GenericWrappers.java:547)
at utils.Reporter.reportStep(Reporter.java:19)
at wrappers.GenericWrappers.takeSnap(GenericWrappers.java:547)
at utils.Reporter.reportStep(Reporter.java:19)
at wrappers.GenericWrappers.takeSnap(GenericWrappers.java:547)
at utils.Reporter.reportStep(Reporter.java:19)
at wrappers.GenericWrappers.takeSnap(GenericWrappers.java:547)
at utils.Reporter.reportStep(Reporter.java:19)
at wrappers.GenericWrappers.takeSnap(GenericWrappers.java:547)
at utils.Reporter.reportStep(Reporter.java:19)
at wrappers.GenericWrappers.takeSnap(GenericWrappers.java:547)
at utils.Reporter.reportStep(Reporter.java:19)
at wrappers.GenericWrappers.takeSnap(GenericWrappers.java:547)
at utils.Reporter.reportStep(Reporter.java:19)
at wrappers.GenericWrappers.takeSnap(GenericWrappers.java:547)
at utils.Reporter.reportStep(Reporter.java:19)
at wrappers.GenericWrappers.takeSnap(GenericWrappers.java:547)
at utils.Reporter.reportStep(Reporter.java:19)
at wrappers.GenericWrappers.takeSnap(GenericWrappers.java:547)
at utils.Reporter.reportStep(Reporter.java:19)
at wrappers.GenericWrappers.takeSnap(GenericWrappers.java:547)
at utils.Reporter.reportStep(Reporter.java:19)
at wrappers.GenericWrappers.takeSnap(GenericWrappers.java:547)
at utils.Reporter.reportStep(Reporter.java:19)
at wrappers.GenericWrappers.takeSnap(GenericWrappers.java:547)
at utils.Reporter.reportStep(Reporter.java:19)
at wrappers.GenericWrappers.takeSnap(GenericWrappers.java:547)
at utils.Reporter.reportStep(Reporter.java:19)
at wrappers.GenericWrappers.takeSnap(GenericWrappers.java:547)
at utils.Reporter.reportStep(Reporter.java:19)
at wrappers.GenericWrappers.takeSnap(GenericWrappers.java:547)
at utils.Reporter.reportStep(Reporter.java:19)
at wrappers.GenericWrappers.takeSnap(GenericWrappers.java:547)
at utils.Reporter.reportStep(Reporter.java:19)
at wrappers.GenericWrappers.takeSnap(GenericWrappers.java:547)
at utils.Reporter.reportStep(Reporter.java:19)
at wrappers.GenericWrappers.takeSnap(GenericWrappers.java:547)
at utils.Reporter.reportStep(Reporter.java:19)
at wrappers.GenericWrappers.takeSnap(GenericWrappers.java:547)
at utils.Reporter.reportStep(Reporter.java:19)
at wrappers.GenericWrappers.takeSnap(GenericWrappers.java:547)
at utils.Reporter.reportStep(Reporter.java:19)
at wrappers.GenericWrappers.takeSnap(GenericWrappers.java:547)
at utils.Reporter.reportStep(Reporter.java:19)
at wrappers.GenericWrappers.takeSnap(GenericWrappers.java:547)
at utils.Reporter.reportStep(Reporter.java:19)
at wrappers.GenericWrappers.takeSnap(GenericWrappers.java:547)
at utils.Reporter.reportStep(Reporter.java:19)
at wrappers.GenericWrappers.takeSnap(GenericWrappers.java:547)
at utils.Reporter.reportStep(Reporter.java:19)
at wrappers.GenericWrappers.takeSnap(GenericWrappers.java:547)
at utils.Reporter.reportStep(Reporter.java:19)
at wrappers.GenericWrappers.takeSnap(GenericWrappers.java:547)
at utils.Reporter.reportStep(Reporter.java:19)
at wrappers.GenericWrappers.takeSnap(GenericWrappers.java:547)
at utils.Reporter.reportStep(Reporter.java:19)
at wrappers.GenericWrappers.takeSnap(GenericWrappers.java:547)
at utils.Reporter.reportStep(Reporter.java:19)
at wrappers.GenericWrappers.takeSnap(GenericWrappers.java:547)
at utils.Reporter.reportStep(Reporter.java:19)
at wrappers.GenericWrappers.takeSnap(GenericWrappers.java:547)
at utils.Reporter.reportStep(Reporter.java:19)
at wrappers.GenericWrappers.takeSnap(GenericWrappers.java:547)
at utils.Reporter.reportStep(Reporter.java:19)
at wrappers.GenericWrappers.takeSnap(GenericWrappers.java:547)
at utils.Reporter.reportStep(Reporter.java:19)
at wrappers.GenericWrappers.takeSnap(GenericWrappers.java:547)
at utils.Reporter.reportStep(Reporter.java:19)
at wrappers.GenericWrappers.takeSnap(GenericWrappers.java:547)
at utils.Reporter.reportStep(Reporter.java:19)
at wrappers.GenericWrappers.takeSnap(GenericWrappers.java:547)
at utils.Reporter.reportStep(Reporter.java:19)
at wrappers.GenericWrappers.takeSnap(GenericWrappers.java:547)
at utils.Reporter.reportStep(Reporter.java:19)
at wrappers.GenericWrappers.takeSnap(GenericWrappers.java:547)
at utils.Reporter.reportStep(Reporter.java:19)
at wrappers.GenericWrappers.takeSnap(GenericWrappers.java:547)
at utils.Reporter.reportStep(Reporter.java:19)
at wrappers.GenericWrappers.takeSnap(GenericWrappers.java:547)
at utils.Reporter.reportStep(Reporter.java:19)
at wrappers.GenericWrappers.takeSnap(GenericWrappers.java:547)
at utils.Reporter.reportStep(Reporter.java:19)
at wrappers.GenericWrappers.takeSnap(GenericWrappers.java:547)
at utils.Reporter.reportStep(Reporter.java:19)
at wrappers.GenericWrappers.takeSnap(GenericWrappers.java:547)
at utils.Reporter.reportStep(Reporter.java:19)
at wrappers.GenericWrappers.takeSnap(GenericWrappers.java:547)
at utils.Reporter.reportStep(Reporter.java:19)
at wrappers.GenericWrappers.takeSnap(GenericWrappers.java:547)
at utils.Reporter.reportStep(Reporter.java:19)
at wrappers.GenericWrappers.takeSnap(GenericWrappers.java:547)
at utils.Reporter.reportStep(Reporter.java:19)
at wrappers.GenericWrappers.takeSnap(GenericWrappers.java:547)
at utils.Reporter.reportStep(Reporter.java:19)
at wrappers.GenericWrappers.takeSnap(GenericWrappers.java:547)
at utils.Reporter.reportStep(Reporter.java:19)
at wrappers.GenericWrappers.takeSnap(GenericWrappers.java:547)
at utils.Reporter.reportStep(Reporter.java:19)
at wrappers.GenericWrappers.takeSnap(GenericWrappers.java:547)
at utils.Reporter.reportStep(Reporter.java:19)
at wrappers.GenericWrappers.takeSnap(GenericWrappers.java:547)
at utils.Reporter.reportStep(Reporter.java:19)
at wrappers.GenericWrappers.takeSnap(GenericWrappers.java:547)
at utils.Reporter.reportStep(Reporter.java:19)
at wrappers.GenericWrappers.takeSnap(GenericWrappers.java:547)
at utils.Reporter.reportStep(Reporter.java:19)
at wrappers.GenericWrappers.takeSnap(GenericWrappers.java:547)
at utils.Reporter.reportStep(Reporter.java:19)
at wrappers.GenericWrappers.takeSnap(GenericWrappers.java:547)
at utils.Reporter.reportStep(Reporter.java:19)
at wrappers.GenericWrappers.takeSnap(GenericWrappers.java:547)
at utils.Reporter.reportStep(Reporter.java:19)
at wrappers.GenericWrappers.takeSnap(GenericWrappers.java:547)
at utils.Reporter.reportStep(Reporter.java:19)
at wrappers.GenericWrappers.takeSnap(GenericWrappers.java:547)
at utils.Reporter.reportStep(Reporter.java:19)
at wrappers.GenericWrappers.takeSnap(GenericWrappers.java:547)
at utils.Reporter.reportStep(Reporter.java:19)
at wrappers.GenericWrappers.takeSnap(GenericWrappers.java:547)
at utils.Reporter.reportStep(Reporter.java:19)
at wrappers.GenericWrappers.takeSnap(GenericWrappers.java:547)
at utils.Reporter.reportStep(Reporter.java:19)
at wrappers.GenericWrappers.takeSnap(GenericWrappers.java:547)
at utils.Reporter.reportStep(Reporter.java:19)
at wrappers.GenericWrappers.takeSnap(GenericWrappers.java:547)
at utils.Reporter.reportStep(Reporter.java:19)
at wrappers.GenericWrappers.takeSnap(GenericWrappers.java:547)
at utils.Reporter.reportStep(Reporter.java:19)
at wrappers.GenericWrappers.takeSnap(GenericWrappers.java:547)
]]>
    </failure>
  </testcase> <!-- @AfterMethod afterMethod -->
  <testcase classname="testcases.TestCase1" name="tasecase1" time="0.012">
    <failure type="java.lang.NullPointerException" message="Cannot invoke &amp;quot;com.relevantcodes.extentreports.ExtentTest.addScreenCapture(String)&amp;quot; because &amp;quot;this.test&amp;quot; is null">
      <![CDATA[java.lang.NullPointerException: Cannot invoke "com.relevantcodes.extentreports.ExtentTest.addScreenCapture(String)" because "this.test" is null
at utils.Reporter.reportStep(Reporter.java:30)
at wrappers.GenericWrappers.verifyTitle(GenericWrappers.java:223)
at pages.LoginPage.<init>(LoginPage.java:13)
at testcases.TestCase1.tasecase1(TestCase1.java:26)
at java.base/java.util.ArrayList.forEach(ArrayList.java:1511)
... Removed 27 stack frames]]>
    </failure>
  </testcase> <!-- tasecase1 -->
</testsuite> <!-- Test -->
